0 verbose cli /usr/local/bin/node /usr/local/bin/npm
1 info using npm@11.0.0
2 info using node@v22.13.0
3 silly config load:file:/usr/local/lib/node_modules/npm/npmrc
4 silly config load:file:/Users/shraddhajadhav/Library/Caches/typescript/5.5/.npmrc
5 silly config load:file:/Users/shraddhajadhav/.npmrc
6 silly config load:file:/usr/local/etc/npmrc
7 verbose title npm install @types/bootstrap@ts5.5 @types/react@ts5.5 @types/react-dom@ts5.5
8 verbose argv "install" "--ignore-scripts" "@types/bootstrap@ts5.5" "@types/react@ts5.5" "@types/react-dom@ts5.5" "--save-dev" "--user-agent" "typesInstaller/5.5.4"
9 verbose logfile logs-max:10 dir:/Users/shraddhajadhav/.npm/_logs/2025-01-10T02_04_58_858Z-
10 verbose logfile /Users/shraddhajadhav/.npm/_logs/2025-01-10T02_04_58_858Z-debug-0.log
11 silly logfile start cleaning logs, removing 1 files
12 silly packumentCache heap:2197815296 maxSize:549453824 maxEntrySize:274726912
13 silly logfile done cleaning log files
14 silly packumentCache corgi:https://registry.npmjs.org/@types%2fbootstrap cache-miss
15 silly packumentCache corgi:https://registry.npmjs.org/@types%2freact cache-miss
16 silly packumentCache corgi:https://registry.npmjs.org/@types%2freact-dom cache-miss
17 http fetch GET 200 https://registry.npmjs.org/@types%2freact-dom 106ms (cache updated)
18 silly packumentCache corgi:https://registry.npmjs.org/@types%2freact-dom set size:undefined disposed:false
19 http fetch GET 200 https://registry.npmjs.org/@types%2fbootstrap 118ms (cache updated)
20 silly packumentCache corgi:https://registry.npmjs.org/@types%2fbootstrap set size:undefined disposed:false
21 http fetch GET 200 https://registry.npmjs.org/@types%2freact 173ms (cache updated)
22 silly packumentCache corgi:https://registry.npmjs.org/@types%2freact set size:undefined disposed:false
23 silly idealTree buildDeps
24 silly fetch manifest @types/bootstrap@5.2.10
25 silly packumentCache full:https://registry.npmjs.org/@types%2fbootstrap cache-miss
26 http fetch GET 200 https://registry.npmjs.org/@types%2fbootstrap 46ms (cache updated)
27 silly packumentCache full:https://registry.npmjs.org/@types%2fbootstrap set size:undefined disposed:false
28 silly fetch manifest @types/react@19.0.4
29 silly packumentCache full:https://registry.npmjs.org/@types%2freact cache-miss
30 http fetch GET 200 https://registry.npmjs.org/@types%2freact 126ms (cache updated)
31 silly packumentCache full:https://registry.npmjs.org/@types%2freact set size:undefined disposed:false
32 silly fetch manifest @types/react-dom@19.0.2
33 silly packumentCache full:https://registry.npmjs.org/@types%2freact-dom cache-miss
34 http fetch GET 200 https://registry.npmjs.org/@types%2freact-dom 59ms (cache updated)
35 silly packumentCache full:https://registry.npmjs.org/@types%2freact-dom set size:undefined disposed:false
36 silly placeDep ROOT @types/bootstrap@5.2.10 REPLACE for:  want: 5.2.10
37 silly placeDep ROOT @types/react@19.0.4 REPLACE for:  want: 19.0.4
38 silly placeDep ROOT @types/react-dom@19.0.2 REPLACE for:  want: 19.0.2
39 silly reify moves {}
40 silly audit bulk request {
40 silly audit   '@babel/helper-string-parser': [ '7.25.9' ],
40 silly audit   '@babel/helper-validator-identifier': [ '7.25.9' ],
40 silly audit   '@babel/types': [ '7.26.3' ],
40 silly audit   '@popperjs/core': [ '2.11.8' ],
40 silly audit   '@types/babel__traverse': [ '7.20.6' ],
40 silly audit   '@types/express-serve-static-core': [ '5.0.4' ],
40 silly audit   '@types/mime': [ '1.3.5' ],
40 silly audit   '@types/node': [ '22.10.5' ],
40 silly audit   '@types/qs': [ '6.9.17' ],
40 silly audit   '@types/range-parser': [ '1.2.7' ],
40 silly audit   '@types/react-bootstrap': [ '0.32.37' ],
40 silly audit   '@types/send': [ '0.17.4' ],
40 silly audit   csstype: [ '3.1.3' ],
40 silly audit   'types-registry': [ '0.1.702' ],
40 silly audit   'undici-types': [ '6.20.0' ],
40 silly audit   '@types/bootstrap': [ '5.2.10' ],
40 silly audit   '@types/react': [ '19.0.4' ],
40 silly audit   '@types/react-dom': [ '19.0.2' ]
40 silly audit }
41 http fetch POST 200 https://registry.npmjs.org/-/npm/v1/security/advisories/bulk 62ms
42 silly audit report {}
43 verbose cwd /Users/shraddhajadhav/Library/Caches/typescript/5.5
44 verbose os Darwin 23.3.0
45 verbose node v22.13.0
46 verbose npm  v11.0.0
47 verbose exit 0
48 info ok
