0 verbose cli /usr/local/bin/node /usr/local/bin/npm
1 info using npm@11.0.0
2 info using node@v22.13.0
3 silly config load:file:/usr/local/lib/node_modules/npm/npmrc
4 silly config load:file:/Users/shraddhajadhav/Library/Caches/typescript/5.5/.npmrc
5 silly config load:file:/Users/shraddhajadhav/.npmrc
6 silly config load:file:/usr/local/etc/npmrc
7 verbose title npm install @types/bootstrap@ts5.5 @types/react@ts5.5 @types/react-bootstrap@ts5.5 @types/react-dom@ts5.5
8 verbose argv "install" "--ignore-scripts" "@types/bootstrap@ts5.5" "@types/react@ts5.5" "@types/react-bootstrap@ts5.5" "@types/react-dom@ts5.5" "--save-dev" "--user-agent" "typesInstaller/5.5.4"
9 verbose logfile logs-max:10 dir:/Users/shraddhajadhav/.npm/_logs/2025-01-10T01_31_22_445Z-
10 verbose logfile /Users/shraddhajadhav/.npm/_logs/2025-01-10T01_31_22_445Z-debug-0.log
11 silly logfile start cleaning logs, removing 1 files
12 silly packumentCache heap:2197815296 maxSize:549453824 maxEntrySize:274726912
13 silly logfile done cleaning log files
14 silly packumentCache corgi:https://registry.npmjs.org/@types%2fbootstrap cache-miss
15 silly packumentCache corgi:https://registry.npmjs.org/@types%2freact cache-miss
16 silly packumentCache corgi:https://registry.npmjs.org/@types%2freact-bootstrap cache-miss
17 silly packumentCache corgi:https://registry.npmjs.org/@types%2freact-dom cache-miss
18 http fetch GET 200 https://registry.npmjs.org/@types%2fbootstrap 115ms (cache updated)
19 silly packumentCache corgi:https://registry.npmjs.org/@types%2fbootstrap set size:undefined disposed:false
20 http fetch GET 200 https://registry.npmjs.org/@types%2freact 124ms (cache updated)
21 silly packumentCache corgi:https://registry.npmjs.org/@types%2freact set size:undefined disposed:false
22 http fetch GET 200 https://registry.npmjs.org/@types%2freact-dom 127ms (cache updated)
23 silly packumentCache corgi:https://registry.npmjs.org/@types%2freact-dom set size:undefined disposed:false
24 http fetch GET 200 https://registry.npmjs.org/@types%2freact-bootstrap 152ms (cache updated)
25 silly packumentCache corgi:https://registry.npmjs.org/@types%2freact-bootstrap set size:undefined disposed:false
26 silly idealTree buildDeps
27 silly fetch manifest @types/bootstrap@5.2.10
28 silly packumentCache full:https://registry.npmjs.org/@types%2fbootstrap cache-miss
29 http fetch GET 200 https://registry.npmjs.org/@types%2fbootstrap 184ms (cache updated)
30 silly packumentCache full:https://registry.npmjs.org/@types%2fbootstrap set size:undefined disposed:false
31 silly fetch manifest @types/react@19.0.4
32 silly packumentCache full:https://registry.npmjs.org/@types%2freact cache-miss
33 http fetch GET 200 https://registry.npmjs.org/@types%2freact 98ms (cache updated)
34 silly packumentCache full:https://registry.npmjs.org/@types%2freact set size:undefined disposed:false
35 silly fetch manifest @types/react-bootstrap@0.32.37
36 silly packumentCache full:https://registry.npmjs.org/@types%2freact-bootstrap cache-miss
37 http fetch GET 200 https://registry.npmjs.org/@types%2freact-bootstrap 93ms (cache updated)
38 silly packumentCache full:https://registry.npmjs.org/@types%2freact-bootstrap set size:undefined disposed:false
39 silly fetch manifest @types/react-dom@19.0.2
40 silly packumentCache full:https://registry.npmjs.org/@types%2freact-dom cache-miss
41 http fetch GET 200 https://registry.npmjs.org/@types%2freact-dom 144ms (cache updated)
42 silly packumentCache full:https://registry.npmjs.org/@types%2freact-dom set size:undefined disposed:false
43 silly placeDep ROOT @types/bootstrap@5.2.10 REPLACE for:  want: 5.2.10
44 silly placeDep ROOT @types/react@19.0.4 REPLACE for:  want: 19.0.4
45 silly placeDep ROOT @types/react-bootstrap@0.32.37 REPLACE for:  want: 0.32.37
46 silly placeDep ROOT @types/react-dom@19.0.2 REPLACE for:  want: 19.0.2
47 silly reify moves {}
48 silly audit bulk request {
48 silly audit   '@babel/helper-string-parser': [ '7.25.9' ],
48 silly audit   '@babel/helper-validator-identifier': [ '7.25.9' ],
48 silly audit   '@babel/types': [ '7.26.3' ],
48 silly audit   '@popperjs/core': [ '2.11.8' ],
48 silly audit   '@types/babel__traverse': [ '7.20.6' ],
48 silly audit   '@types/express-serve-static-core': [ '5.0.4' ],
48 silly audit   '@types/mime': [ '1.3.5' ],
48 silly audit   '@types/node': [ '22.10.5' ],
48 silly audit   '@types/qs': [ '6.9.17' ],
48 silly audit   '@types/range-parser': [ '1.2.7' ],
48 silly audit   '@types/send': [ '0.17.4' ],
48 silly audit   csstype: [ '3.1.3' ],
48 silly audit   'types-registry': [ '0.1.702' ],
48 silly audit   'undici-types': [ '6.20.0' ],
48 silly audit   '@types/bootstrap': [ '5.2.10' ],
48 silly audit   '@types/react': [ '19.0.4' ],
48 silly audit   '@types/react-bootstrap': [ '0.32.37' ],
48 silly audit   '@types/react-dom': [ '19.0.2' ]
48 silly audit }
49 http fetch POST 200 https://registry.npmjs.org/-/npm/v1/security/advisories/bulk 71ms
50 silly audit report {}
51 verbose cwd /Users/shraddhajadhav/Library/Caches/typescript/5.5
52 verbose os Darwin 23.3.0
53 verbose node v22.13.0
54 verbose npm  v11.0.0
55 verbose exit 0
56 info ok
